<?xml version="1.0" encoding="UTF-8"?>
<testng-results ignored="0" total="3" passed="3" failed="0" skipped="0">
  <reporter-output>
  </reporter-output>
  <suite started-at="2021-10-17T00:48:58 IST" name="Smoke Test" finished-at="2021-10-17T00:49:12 IST" duration-ms="14145">
    <groups>
    </groups>
    <test started-at="2021-10-17T00:48:58 IST" name="Validate Title" finished-at="2021-10-17T00:49:11 IST" duration-ms="12649">
      <class name="FrameworkProject.validateTitle">
        <test-method is-config="true" signature="init()[pri:0, instance:FrameworkProject.validateTitle@6aecbb8d]" started-at="2021-10-17T00:48:58 IST" name="init" finished-at="2021-10-17T00:49:11 IST" duration-ms="12458" status="PASS">
          <reporter-output>
          </reporter-output>
        </test-method> <!-- init -->
        <test-method signature="titleValidation()[pri:0, instance:FrameworkProject.validateTitle@6aecbb8d]" started-at="2021-10-17T00:49:11 IST" name="titleValidation" finished-at="2021-10-17T00:49:11 IST" duration-ms="73" status="PASS">
          <reporter-output>
          </reporter-output>
        </test-method> <!-- titleValidation -->
        <test-method is-config="true" signature="tearDown()[pri:0, instance:FrameworkProject.validateTitle@6aecbb8d]" started-at="2021-10-17T00:49:11 IST" name="tearDown" finished-at="2021-10-17T00:49:11 IST" duration-ms="101" status="PASS">
          <reporter-output>
          </reporter-output>
        </test-method> <!-- tearDown -->
      </class> <!-- FrameworkProject.validateTitle -->
    </test> <!-- Validate Title -->
    <test started-at="2021-10-17T00:48:58 IST" name="HomePage" finished-at="2021-10-17T00:49:12 IST" duration-ms="13781">
      <class name="FrameworkProject.HomePage">
        <test-method is-config="true" signature="init()[pri:0, instance:FrameworkProject.HomePage@3543df7d]" started-at="2021-10-17T00:48:58 IST" name="init" finished-at="2021-10-17T00:49:03 IST" duration-ms="4734" status="PASS">
          <reporter-output>
          </reporter-output>
        </test-method> <!-- init -->
        <test-method signature="homePage(java.lang.String,java.lang.String)[pri:0, instance:FrameworkProject.HomePage@3543df7d]" started-at="2021-10-17T00:49:03 IST" name="homePage" data-provider="getData" finished-at="2021-10-17T00:49:12 IST" duration-ms="8705" status="PASS">
          <params>
            <param index="0">
              <value>
                <![CDATA[ajaywadkar1000@gmail.com]]>
              </value>
            </param>
            <param index="1">
              <value>
                <![CDATA[Admin@12345]]>
              </value>
            </param>
          </params>
          <reporter-output>
          </reporter-output>
        </test-method> <!-- homePage -->
        <test-method is-config="true" signature="tearDown()[pri:0, instance:FrameworkProject.HomePage@3543df7d]" started-at="2021-10-17T00:49:12 IST" name="tearDown" finished-at="2021-10-17T00:49:12 IST" duration-ms="233" status="PASS">
          <reporter-output>
          </reporter-output>
        </test-method> <!-- tearDown -->
      </class> <!-- FrameworkProject.HomePage -->
    </test> <!-- HomePage -->
    <test started-at="2021-10-17T00:48:58 IST" name="validateNavbar" finished-at="2021-10-17T00:49:12 IST" duration-ms="14145">
      <class name="FrameworkProject.validateNavbar">
        <test-method is-config="true" signature="init()[pri:0, instance:FrameworkProject.validateNavbar@1bb564e2]" started-at="2021-10-17T00:48:58 IST" name="init" finished-at="2021-10-17T00:49:12 IST" duration-ms="13852" status="PASS">
          <reporter-output>
          </reporter-output>
        </test-method> <!-- init -->
        <test-method signature="navigationBar()[pri:0, instance:FrameworkProject.validateNavbar@1bb564e2]" started-at="2021-10-17T00:49:12 IST" name="navigationBar" finished-at="2021-10-17T00:49:12 IST" duration-ms="123" status="PASS">
          <reporter-output>
          </reporter-output>
        </test-method> <!-- navigationBar -->
        <test-method is-config="true" signature="tearDown()[pri:0, instance:FrameworkProject.validateNavbar@1bb564e2]" started-at="2021-10-17T00:49:12 IST" name="tearDown" finished-at="2021-10-17T00:49:12 IST" duration-ms="165" status="PASS">
          <reporter-output>
          </reporter-output>
        </test-method> <!-- tearDown -->
      </class> <!-- FrameworkProject.validateNavbar -->
    </test> <!-- validateNavbar -->
  </suite> <!-- Smoke Test -->
</testng-results>
