<?xml version="1.0" encoding="UTF-8"?>
<testng-results ignored="0" total="3" passed="3" failed="0" skipped="0">
  <reporter-output>
  </reporter-output>
  <suite started-at="2021-10-16T11:04:56 IST" name="Smoke Test" finished-at="2021-10-16T11:05:40 IST" duration-ms="44072">
    <groups>
    </groups>
    <test started-at="2021-10-16T11:04:56 IST" name="HomePage" finished-at="2021-10-16T11:05:18 IST" duration-ms="22395">
      <class name="FrameworkProject.HomePage">
        <test-method is-config="true" signature="init()[pri:0, instance:FrameworkProject.HomePage@3543df7d]" started-at="2021-10-16T11:04:56 IST" name="init" finished-at="2021-10-16T11:05:08 IST" duration-ms="11938" status="PASS">
          <reporter-output>
          </reporter-output>
        </test-method> <!-- init -->
        <test-method signature="homePage(java.lang.String,java.lang.String)[pri:0, instance:FrameworkProject.HomePage@3543df7d]" started-at="2021-10-16T11:05:08 IST" name="homePage" data-provider="getData" finished-at="2021-10-16T11:05:18 IST" duration-ms="9591" status="PASS">
          <params>
            <param index="0">
              <value>
                <![CDATA[ajaywadkar1000@gmail.com]]>
              </value>
            </param>
            <param index="1">
              <value>
                <![CDATA[Admin@12345]]>
              </value>
            </param>
          </params>
          <reporter-output>
          </reporter-output>
        </test-method> <!-- homePage -->
        <test-method is-config="true" signature="tearDown()[pri:0, instance:FrameworkProject.HomePage@3543df7d]" started-at="2021-10-16T11:05:18 IST" name="tearDown" finished-at="2021-10-16T11:05:18 IST" duration-ms="224" status="PASS">
          <reporter-output>
          </reporter-output>
        </test-method> <!-- tearDown -->
      </class> <!-- FrameworkProject.HomePage -->
    </test> <!-- HomePage -->
    <test started-at="2021-10-16T11:05:24 IST" name="validateNavbar" finished-at="2021-10-16T11:05:29 IST" duration-ms="5446">
      <class name="FrameworkProject.validateNavbar">
        <test-method is-config="true" signature="init()[pri:0, instance:FrameworkProject.validateNavbar@1bb564e2]" started-at="2021-10-16T11:05:24 IST" name="init" finished-at="2021-10-16T11:05:29 IST" duration-ms="4927" status="PASS">
          <reporter-output>
          </reporter-output>
        </test-method> <!-- init -->
        <test-method signature="navigationBar()[pri:0, instance:FrameworkProject.validateNavbar@1bb564e2]" started-at="2021-10-16T11:05:29 IST" name="navigationBar" finished-at="2021-10-16T11:05:29 IST" duration-ms="394" status="PASS">
          <reporter-output>
          </reporter-output>
        </test-method> <!-- navigationBar -->
        <test-method is-config="true" signature="tearDown()[pri:0, instance:FrameworkProject.validateNavbar@1bb564e2]" started-at="2021-10-16T11:05:29 IST" name="tearDown" finished-at="2021-10-16T11:05:29 IST" duration-ms="123" status="PASS">
          <reporter-output>
          </reporter-output>
        </test-method> <!-- tearDown -->
      </class> <!-- FrameworkProject.validateNavbar -->
    </test> <!-- validateNavbar -->
    <test started-at="2021-10-16T11:05:34 IST" name="Validate Title" finished-at="2021-10-16T11:05:40 IST" duration-ms="5305">
      <class name="FrameworkProject.validateTitle">
        <test-method is-config="true" signature="init()[pri:0, instance:FrameworkProject.validateTitle@6aecbb8d]" started-at="2021-10-16T11:05:34 IST" name="init" finished-at="2021-10-16T11:05:39 IST" duration-ms="4993" status="PASS">
          <reporter-output>
          </reporter-output>
        </test-method> <!-- init -->
        <test-method signature="titleValidation()[pri:0, instance:FrameworkProject.validateTitle@6aecbb8d]" started-at="2021-10-16T11:05:39 IST" name="titleValidation" finished-at="2021-10-16T11:05:40 IST" duration-ms="70" status="PASS">
          <reporter-output>
          </reporter-output>
        </test-method> <!-- titleValidation -->
        <test-method is-config="true" signature="tearDown()[pri:0, instance:FrameworkProject.validateTitle@6aecbb8d]" started-at="2021-10-16T11:05:40 IST" name="tearDown" finished-at="2021-10-16T11:05:40 IST" duration-ms="238" status="PASS">
          <reporter-output>
          </reporter-output>
        </test-method> <!-- tearDown -->
      </class> <!-- FrameworkProject.validateTitle -->
    </test> <!-- Validate Title -->
  </suite> <!-- Smoke Test -->
</testng-results>
